<?xml version="1.0" encoding="UTF-8"?>
<testng-results ignored="0" total="8" passed="8" failed="0" skipped="0">
  <reporter-output>
  </reporter-output>
  <suite started-at="2019-10-06T00:30:43 CDT" name="ROOnboarding" finished-at="2019-10-06T00:31:52 CDT" duration-ms="69411">
    <groups>
    </groups>
    <test started-at="2019-10-06T00:30:43 CDT" name="roOnboardingTest" finished-at="2019-10-06T00:31:52 CDT" duration-ms="69411">
      <class name="com.Onboarding.SignUpPatient">
        <test-method is-config="true" signature="setUp()[pri:0, instance:com.Onboarding.SignUpPatient@10d68fcd]" started-at="2019-10-06T00:30:43 CDT" name="setUp" finished-at="2019-10-06T00:30:50 CDT" duration-ms="7171" status="PASS">
          <reporter-output>
          </reporter-output>
        </test-method> <!-- setUp -->
        <test-method signature="invalidEmailDomain()[pri:1, instance:com.Onboarding.SignUpPatient@10d68fcd]" started-at="2019-10-06T00:30:50 CDT" name="invalidEmailDomain" finished-at="2019-10-06T00:30:51 CDT" duration-ms="945" status="PASS">
          <reporter-output>
          </reporter-output>
        </test-method> <!-- invalidEmailDomain -->
        <test-method is-config="true" signature="tearDown()[pri:0, instance:com.Onboarding.SignUpPatient@10d68fcd]" started-at="2019-10-06T00:30:51 CDT" name="tearDown" finished-at="2019-10-06T00:30:51 CDT" duration-ms="67" status="PASS">
          <reporter-output>
          </reporter-output>
        </test-method> <!-- tearDown -->
        <test-method is-config="true" signature="setUp()[pri:0, instance:com.Onboarding.SignUpPatient@10d68fcd]" started-at="2019-10-06T00:30:51 CDT" name="setUp" finished-at="2019-10-06T00:30:56 CDT" duration-ms="4847" status="PASS">
          <reporter-output>
          </reporter-output>
        </test-method> <!-- setUp -->
        <test-method signature="emptyEmailField()[pri:2, instance:com.Onboarding.SignUpPatient@10d68fcd]" started-at="2019-10-06T00:30:56 CDT" name="emptyEmailField" finished-at="2019-10-06T00:30:59 CDT" duration-ms="3653" status="PASS">
          <reporter-output>
          </reporter-output>
        </test-method> <!-- emptyEmailField -->
        <test-method is-config="true" signature="tearDown()[pri:0, instance:com.Onboarding.SignUpPatient@10d68fcd]" started-at="2019-10-06T00:30:59 CDT" name="tearDown" finished-at="2019-10-06T00:30:59 CDT" duration-ms="147" status="PASS">
          <reporter-output>
          </reporter-output>
        </test-method> <!-- tearDown -->
        <test-method is-config="true" signature="setUp()[pri:0, instance:com.Onboarding.SignUpPatient@10d68fcd]" started-at="2019-10-06T00:30:59 CDT" name="setUp" finished-at="2019-10-06T00:31:04 CDT" duration-ms="4536" status="PASS">
          <reporter-output>
          </reporter-output>
        </test-method> <!-- setUp -->
        <test-method signature="privacyUnChecked()[pri:3, instance:com.Onboarding.SignUpPatient@10d68fcd]" started-at="2019-10-06T00:31:04 CDT" name="privacyUnChecked" finished-at="2019-10-06T00:31:08 CDT" duration-ms="4099" status="PASS">
          <reporter-output>
          </reporter-output>
        </test-method> <!-- privacyUnChecked -->
        <test-method is-config="true" signature="tearDown()[pri:0, instance:com.Onboarding.SignUpPatient@10d68fcd]" started-at="2019-10-06T00:31:08 CDT" name="tearDown" finished-at="2019-10-06T00:31:08 CDT" duration-ms="161" status="PASS">
          <reporter-output>
          </reporter-output>
        </test-method> <!-- tearDown -->
        <test-method is-config="true" signature="setUp()[pri:0, instance:com.Onboarding.SignUpPatient@10d68fcd]" started-at="2019-10-06T00:31:08 CDT" name="setUp" finished-at="2019-10-06T00:31:13 CDT" duration-ms="4533" status="PASS">
          <reporter-output>
          </reporter-output>
        </test-method> <!-- setUp -->
        <test-method signature="emptyFirstnameField()[pri:4, instance:com.Onboarding.SignUpPatient@10d68fcd]" started-at="2019-10-06T00:31:13 CDT" name="emptyFirstnameField" finished-at="2019-10-06T00:31:19 CDT" duration-ms="5812" status="PASS">
          <reporter-output>
          </reporter-output>
        </test-method> <!-- emptyFirstnameField -->
        <test-method is-config="true" signature="tearDown()[pri:0, instance:com.Onboarding.SignUpPatient@10d68fcd]" started-at="2019-10-06T00:31:19 CDT" name="tearDown" finished-at="2019-10-06T00:31:19 CDT" duration-ms="65" status="PASS">
          <reporter-output>
          </reporter-output>
        </test-method> <!-- tearDown -->
        <test-method is-config="true" signature="setUp()[pri:0, instance:com.Onboarding.SignUpPatient@10d68fcd]" started-at="2019-10-06T00:31:19 CDT" name="setUp" finished-at="2019-10-06T00:31:23 CDT" duration-ms="4411" status="PASS">
          <reporter-output>
          </reporter-output>
        </test-method> <!-- setUp -->
        <test-method signature="emptyLastnameField()[pri:5, instance:com.Onboarding.SignUpPatient@10d68fcd]" started-at="2019-10-06T00:31:23 CDT" name="emptyLastnameField" finished-at="2019-10-06T00:31:27 CDT" duration-ms="4008" status="PASS">
          <reporter-output>
          </reporter-output>
        </test-method> <!-- emptyLastnameField -->
        <test-method is-config="true" signature="tearDown()[pri:0, instance:com.Onboarding.SignUpPatient@10d68fcd]" started-at="2019-10-06T00:31:27 CDT" name="tearDown" finished-at="2019-10-06T00:31:27 CDT" duration-ms="132" status="PASS">
          <reporter-output>
          </reporter-output>
        </test-method> <!-- tearDown -->
        <test-method is-config="true" signature="setUp()[pri:0, instance:com.Onboarding.SignUpPatient@10d68fcd]" started-at="2019-10-06T00:31:27 CDT" name="setUp" finished-at="2019-10-06T00:31:32 CDT" duration-ms="4517" status="PASS">
          <reporter-output>
          </reporter-output>
        </test-method> <!-- setUp -->
        <test-method signature="invalidPasswordNoUppercaseLetter()[pri:6, instance:com.Onboarding.SignUpPatient@10d68fcd]" started-at="2019-10-06T00:31:32 CDT" name="invalidPasswordNoUppercaseLetter" finished-at="2019-10-06T00:31:34 CDT" duration-ms="1822" status="PASS">
          <reporter-output>
          </reporter-output>
        </test-method> <!-- invalidPasswordNoUppercaseLetter -->
        <test-method is-config="true" signature="tearDown()[pri:0, instance:com.Onboarding.SignUpPatient@10d68fcd]" started-at="2019-10-06T00:31:34 CDT" name="tearDown" finished-at="2019-10-06T00:31:34 CDT" duration-ms="118" status="PASS">
          <reporter-output>
          </reporter-output>
        </test-method> <!-- tearDown -->
        <test-method is-config="true" signature="setUp()[pri:0, instance:com.Onboarding.SignUpPatient@10d68fcd]" started-at="2019-10-06T00:31:34 CDT" name="setUp" finished-at="2019-10-06T00:31:40 CDT" duration-ms="6246" status="PASS">
          <reporter-output>
          </reporter-output>
        </test-method> <!-- setUp -->
        <test-method signature="invalidPasswordLessLenght()[pri:7, instance:com.Onboarding.SignUpPatient@10d68fcd]" started-at="2019-10-06T00:31:40 CDT" name="invalidPasswordLessLenght" finished-at="2019-10-06T00:31:41 CDT" duration-ms="861" status="PASS">
          <reporter-output>
          </reporter-output>
        </test-method> <!-- invalidPasswordLessLenght -->
        <test-method is-config="true" signature="tearDown()[pri:0, instance:com.Onboarding.SignUpPatient@10d68fcd]" started-at="2019-10-06T00:31:41 CDT" name="tearDown" finished-at="2019-10-06T00:31:41 CDT" duration-ms="70" status="PASS">
          <reporter-output>
          </reporter-output>
        </test-method> <!-- tearDown -->
        <test-method is-config="true" signature="setUp()[pri:0, instance:com.Onboarding.SignUpPatient@10d68fcd]" started-at="2019-10-06T00:31:41 CDT" name="setUp" finished-at="2019-10-06T00:31:45 CDT" duration-ms="4555" status="PASS">
          <reporter-output>
          </reporter-output>
        </test-method> <!-- setUp -->
        <test-method signature="createProfileWithValidData()[pri:8, instance:com.Onboarding.SignUpPatient@10d68fcd]" started-at="2019-10-06T00:31:45 CDT" name="createProfileWithValidData" finished-at="2019-10-06T00:31:50 CDT" duration-ms="4491" status="PASS">
          <reporter-output>
          </reporter-output>
        </test-method> <!-- createProfileWithValidData -->
        <test-method is-config="true" signature="tearDown()[pri:0, instance:com.Onboarding.SignUpPatient@10d68fcd]" started-at="2019-10-06T00:31:50 CDT" name="tearDown" finished-at="2019-10-06T00:31:52 CDT" duration-ms="2094" status="PASS">
          <reporter-output>
          </reporter-output>
        </test-method> <!-- tearDown -->
      </class> <!-- com.Onboarding.SignUpPatient -->
    </test> <!-- roOnboardingTest -->
  </suite> <!-- ROOnboarding -->
</testng-results>
