<?xml version="1.0" encoding="UTF-8"?>
<testng-results ignored="0" total="8" passed="8" failed="0" skipped="0">
  <reporter-output>
  </reporter-output>
  <suite started-at="2019-10-06T00:53:30 CDT" name="ROOnboarding" finished-at="2019-10-06T00:54:38 CDT" duration-ms="67547">
    <groups>
    </groups>
    <test started-at="2019-10-06T00:53:30 CDT" name="roOnboardingTest" finished-at="2019-10-06T00:54:38 CDT" duration-ms="67547">
      <class name="com.Onboarding.SignUpPatient">
        <test-method is-config="true" signature="setUp()[pri:0, instance:com.Onboarding.SignUpPatient@10d68fcd]" started-at="2019-10-06T00:53:30 CDT" name="setUp" finished-at="2019-10-06T00:53:38 CDT" duration-ms="7602" status="PASS">
          <reporter-output>
          </reporter-output>
        </test-method> <!-- setUp -->
        <test-method signature="invalidEmailDomain()[pri:1, instance:com.Onboarding.SignUpPatient@10d68fcd]" started-at="2019-10-06T00:53:38 CDT" name="invalidEmailDomain" finished-at="2019-10-06T00:53:39 CDT" duration-ms="900" status="PASS">
          <reporter-output>
          </reporter-output>
        </test-method> <!-- invalidEmailDomain -->
        <test-method is-config="true" signature="tearDown()[pri:0, instance:com.Onboarding.SignUpPatient@10d68fcd]" started-at="2019-10-06T00:53:39 CDT" name="tearDown" finished-at="2019-10-06T00:53:39 CDT" duration-ms="68" status="PASS">
          <reporter-output>
          </reporter-output>
        </test-method> <!-- tearDown -->
        <test-method is-config="true" signature="setUp()[pri:0, instance:com.Onboarding.SignUpPatient@10d68fcd]" started-at="2019-10-06T00:53:39 CDT" name="setUp" finished-at="2019-10-06T00:53:45 CDT" duration-ms="6627" status="PASS">
          <reporter-output>
          </reporter-output>
        </test-method> <!-- setUp -->
        <test-method signature="emptyEmailField()[pri:2, instance:com.Onboarding.SignUpPatient@10d68fcd]" started-at="2019-10-06T00:53:45 CDT" name="emptyEmailField" finished-at="2019-10-06T00:53:48 CDT" duration-ms="2746" status="PASS">
          <reporter-output>
          </reporter-output>
        </test-method> <!-- emptyEmailField -->
        <test-method is-config="true" signature="tearDown()[pri:0, instance:com.Onboarding.SignUpPatient@10d68fcd]" started-at="2019-10-06T00:53:48 CDT" name="tearDown" finished-at="2019-10-06T00:53:50 CDT" duration-ms="2110" status="PASS">
          <reporter-output>
          </reporter-output>
        </test-method> <!-- tearDown -->
        <test-method is-config="true" signature="setUp()[pri:0, instance:com.Onboarding.SignUpPatient@10d68fcd]" started-at="2019-10-06T00:53:50 CDT" name="setUp" finished-at="2019-10-06T00:53:55 CDT" duration-ms="4543" status="PASS">
          <reporter-output>
          </reporter-output>
        </test-method> <!-- setUp -->
        <test-method signature="privacyUnChecked()[pri:3, instance:com.Onboarding.SignUpPatient@10d68fcd]" started-at="2019-10-06T00:53:55 CDT" name="privacyUnChecked" finished-at="2019-10-06T00:53:58 CDT" duration-ms="3443" status="PASS">
          <reporter-output>
          </reporter-output>
        </test-method> <!-- privacyUnChecked -->
        <test-method is-config="true" signature="tearDown()[pri:0, instance:com.Onboarding.SignUpPatient@10d68fcd]" started-at="2019-10-06T00:53:58 CDT" name="tearDown" finished-at="2019-10-06T00:53:58 CDT" duration-ms="58" status="PASS">
          <reporter-output>
          </reporter-output>
        </test-method> <!-- tearDown -->
        <test-method is-config="true" signature="setUp()[pri:0, instance:com.Onboarding.SignUpPatient@10d68fcd]" started-at="2019-10-06T00:53:58 CDT" name="setUp" finished-at="2019-10-06T00:54:04 CDT" duration-ms="5802" status="PASS">
          <reporter-output>
          </reporter-output>
        </test-method> <!-- setUp -->
        <test-method signature="emptyFirstnameField()[pri:4, instance:com.Onboarding.SignUpPatient@10d68fcd]" started-at="2019-10-06T00:54:04 CDT" name="emptyFirstnameField" finished-at="2019-10-06T00:54:09 CDT" duration-ms="4890" status="PASS">
          <reporter-output>
          </reporter-output>
        </test-method> <!-- emptyFirstnameField -->
        <test-method is-config="true" signature="tearDown()[pri:0, instance:com.Onboarding.SignUpPatient@10d68fcd]" started-at="2019-10-06T00:54:09 CDT" name="tearDown" finished-at="2019-10-06T00:54:09 CDT" duration-ms="178" status="PASS">
          <reporter-output>
          </reporter-output>
        </test-method> <!-- tearDown -->
        <test-method is-config="true" signature="setUp()[pri:0, instance:com.Onboarding.SignUpPatient@10d68fcd]" started-at="2019-10-06T00:54:09 CDT" name="setUp" finished-at="2019-10-06T00:54:14 CDT" duration-ms="4906" status="PASS">
          <reporter-output>
          </reporter-output>
        </test-method> <!-- setUp -->
        <test-method signature="emptyLastnameField()[pri:5, instance:com.Onboarding.SignUpPatient@10d68fcd]" started-at="2019-10-06T00:54:14 CDT" name="emptyLastnameField" finished-at="2019-10-06T00:54:17 CDT" duration-ms="3230" status="PASS">
          <reporter-output>
          </reporter-output>
        </test-method> <!-- emptyLastnameField -->
        <test-method is-config="true" signature="tearDown()[pri:0, instance:com.Onboarding.SignUpPatient@10d68fcd]" started-at="2019-10-06T00:54:17 CDT" name="tearDown" finished-at="2019-10-06T00:54:17 CDT" duration-ms="61" status="PASS">
          <reporter-output>
          </reporter-output>
        </test-method> <!-- tearDown -->
        <test-method is-config="true" signature="setUp()[pri:0, instance:com.Onboarding.SignUpPatient@10d68fcd]" started-at="2019-10-06T00:54:17 CDT" name="setUp" finished-at="2019-10-06T00:54:22 CDT" duration-ms="4749" status="PASS">
          <reporter-output>
          </reporter-output>
        </test-method> <!-- setUp -->
        <test-method signature="invalidPasswordNoUppercaseLetter()[pri:6, instance:com.Onboarding.SignUpPatient@10d68fcd]" started-at="2019-10-06T00:54:22 CDT" name="invalidPasswordNoUppercaseLetter" finished-at="2019-10-06T00:54:23 CDT" duration-ms="1202" status="PASS">
          <reporter-output>
          </reporter-output>
        </test-method> <!-- invalidPasswordNoUppercaseLetter -->
        <test-method is-config="true" signature="tearDown()[pri:0, instance:com.Onboarding.SignUpPatient@10d68fcd]" started-at="2019-10-06T00:54:23 CDT" name="tearDown" finished-at="2019-10-06T00:54:23 CDT" duration-ms="79" status="PASS">
          <reporter-output>
          </reporter-output>
        </test-method> <!-- tearDown -->
        <test-method is-config="true" signature="setUp()[pri:0, instance:com.Onboarding.SignUpPatient@10d68fcd]" started-at="2019-10-06T00:54:23 CDT" name="setUp" finished-at="2019-10-06T00:54:28 CDT" duration-ms="4383" status="PASS">
          <reporter-output>
          </reporter-output>
        </test-method> <!-- setUp -->
        <test-method signature="invalidPasswordLessLenght()[pri:7, instance:com.Onboarding.SignUpPatient@10d68fcd]" started-at="2019-10-06T00:54:28 CDT" name="invalidPasswordLessLenght" finished-at="2019-10-06T00:54:29 CDT" duration-ms="1630" status="PASS">
          <reporter-output>
          </reporter-output>
        </test-method> <!-- invalidPasswordLessLenght -->
        <test-method is-config="true" signature="tearDown()[pri:0, instance:com.Onboarding.SignUpPatient@10d68fcd]" started-at="2019-10-06T00:54:29 CDT" name="tearDown" finished-at="2019-10-06T00:54:30 CDT" duration-ms="81" status="PASS">
          <reporter-output>
          </reporter-output>
        </test-method> <!-- tearDown -->
        <test-method is-config="true" signature="setUp()[pri:0, instance:com.Onboarding.SignUpPatient@10d68fcd]" started-at="2019-10-06T00:54:30 CDT" name="setUp" finished-at="2019-10-06T00:54:34 CDT" duration-ms="4675" status="PASS">
          <reporter-output>
          </reporter-output>
        </test-method> <!-- setUp -->
        <test-method signature="createProfileWithValidData()[pri:8, instance:com.Onboarding.SignUpPatient@10d68fcd]" started-at="2019-10-06T00:54:34 CDT" name="createProfileWithValidData" finished-at="2019-10-06T00:54:38 CDT" duration-ms="3470" status="PASS">
          <reporter-output>
          </reporter-output>
        </test-method> <!-- createProfileWithValidData -->
        <test-method is-config="true" signature="tearDown()[pri:0, instance:com.Onboarding.SignUpPatient@10d68fcd]" started-at="2019-10-06T00:54:38 CDT" name="tearDown" finished-at="2019-10-06T00:54:38 CDT" duration-ms="65" status="PASS">
          <reporter-output>
          </reporter-output>
        </test-method> <!-- tearDown -->
      </class> <!-- com.Onboarding.SignUpPatient -->
    </test> <!-- roOnboardingTest -->
  </suite> <!-- ROOnboarding -->
</testng-results>
