<?xml version="1.0" encoding="UTF-8"?>
<!-- Generated by org.testng.reporters.JUnitXMLReporter -->
<testsuite ignored="0" hostname="USSPNGOMOTAYO1" failures="0" tests="8" name="roOnboardingTest" time="67.547" errors="0" timestamp="2019-10-06T00:54:38 CDT">
  <testcase classname="com.Onboarding.SignUpPatient" name="invalidEmailDomain" time="0.9"/>
  <testcase classname="com.Onboarding.SignUpPatient" name="emptyEmailField" time="2.746"/>
  <testcase classname="com.Onboarding.SignUpPatient" name="privacyUnChecked" time="3.443"/>
  <testcase classname="com.Onboarding.SignUpPatient" name="emptyFirstnameField" time="4.89"/>
  <testcase classname="com.Onboarding.SignUpPatient" name="emptyLastnameField" time="3.23"/>
  <testcase classname="com.Onboarding.SignUpPatient" name="invalidPasswordNoUppercaseLetter" time="1.202"/>
  <testcase classname="com.Onboarding.SignUpPatient" name="invalidPasswordLessLenght" time="1.63"/>
  <testcase classname="com.Onboarding.SignUpPatient" name="createProfileWithValidData" time="3.47"/>
</testsuite> <!-- roOnboardingTest -->
