<?xml version="1.0" encoding="UTF-8"?>
<!-- Generated by org.testng.reporters.JUnitXMLReporter -->
<testsuite ignored="0" hostname="USSPNGOMOTAYO1" failures="0" tests="8" name="roOnboardingTest" time="69.411" errors="0" timestamp="2019-10-06T00:31:52 CDT">
  <testcase classname="com.Onboarding.SignUpPatient" name="invalidEmailDomain" time="0.945"/>
  <testcase classname="com.Onboarding.SignUpPatient" name="emptyEmailField" time="3.653"/>
  <testcase classname="com.Onboarding.SignUpPatient" name="privacyUnChecked" time="4.099"/>
  <testcase classname="com.Onboarding.SignUpPatient" name="emptyFirstnameField" time="5.812"/>
  <testcase classname="com.Onboarding.SignUpPatient" name="emptyLastnameField" time="4.008"/>
  <testcase classname="com.Onboarding.SignUpPatient" name="invalidPasswordNoUppercaseLetter" time="1.822"/>
  <testcase classname="com.Onboarding.SignUpPatient" name="invalidPasswordLessLenght" time="0.861"/>
  <testcase classname="com.Onboarding.SignUpPatient" name="createProfileWithValidData" time="4.491"/>
</testsuite> <!-- roOnboardingTest -->
